2024-01-11 14:57:51,531 - COVERFOXINSURANCE -FATAL - 
2024-01-11 14:57:51,537 - COVERFOXINSURANCE -INFO - Launching coverfox
2024-01-11 14:58:04,563 - COVERFOXINSURANCE -INFO - click on started Button
2024-01-11 14:58:07,077 - COVERFOXINSURANCE -INFO - ckick in next button
2024-01-11 14:58:08,154 - COVERFOXINSURANCE -INFO - handling age dropdown
2024-01-11 14:58:10,891 - COVERFOXINSURANCE -INFO - click on next buttton
2024-01-11 14:58:11,966 - COVERFOXINSURANCE -INFO - Entering pincode
2024-01-11 14:58:13,184 - COVERFOXINSURANCE -INFO - Entering mobile number
2024-01-11 14:58:14,433 - COVERFOXINSURANCE -INFO - click on ncontinue button
2024-01-11 15:06:44,147 - COVERFOXINSURANCE -INFO - Launching coverfox
2024-01-11 15:06:51,740 - COVERFOXINSURANCE -INFO - click on started Button
2024-01-11 15:06:53,289 - COVERFOXINSURANCE -INFO - ckick in next button
2024-01-11 15:06:54,372 - COVERFOXINSURANCE -INFO - handling age dropdown
2024-01-11 15:06:57,042 - COVERFOXINSURANCE -INFO - click on next buttton
2024-01-11 15:06:58,174 - COVERFOXINSURANCE -WARN - Entering pincode
2024-01-11 15:06:59,463 - COVERFOXINSURANCE -INFO - Entering mobile number
2024-01-11 15:07:00,689 - COVERFOXINSURANCE -INFO - click on ncontinue button
2024-01-11 15:07:06,805 - COVERFOXINSURANCE -ERROR - Fetching No of Details from Text
2024-01-11 15:07:06,872 - COVERFOXINSURANCE -WARN - Fetching No of Details from Banner
2024-01-11 15:07:06,903 - COVERFOXINSURANCE -FATAL - Tc is Passed
2024-01-11 17:27:45,420 - COVERFOXINSURANCE -INFO - Launching coverfox
2024-01-11 17:28:02,161 - COVERFOXINSURANCE -INFO - click on started Button
2024-01-11 17:28:04,852 - COVERFOXINSURANCE -INFO - ckick in next button
2024-01-11 17:28:05,925 - COVERFOXINSURANCE -INFO - handling age dropdown
2024-01-11 17:28:08,483 - COVERFOXINSURANCE -INFO - click on next buttton
2024-01-11 17:28:09,571 - COVERFOXINSURANCE -WARN - Entering pincode
2024-01-11 17:29:09,596 - COVERFOXINSURANCE -INFO - Launching coverfox
2024-01-11 17:29:17,360 - COVERFOXINSURANCE -INFO - click on started Button
2024-01-11 17:29:18,923 - COVERFOXINSURANCE -INFO - ckick in next button
2024-01-11 17:29:19,986 - COVERFOXINSURANCE -INFO - handling age dropdown
2024-01-11 17:29:21,922 - COVERFOXINSURANCE -INFO - click on next buttton
2024-01-11 17:29:22,975 - COVERFOXINSURANCE -WARN - Entering pincode
2024-01-11 17:29:24,134 - COVERFOXINSURANCE -INFO - Entering mobile number
2024-01-11 17:29:25,313 - COVERFOXINSURANCE -INFO - click on ncontinue button
2024-01-11 17:29:31,405 - COVERFOXINSURANCE -ERROR - Fetching No of Details from Text
2024-01-11 17:29:31,437 - COVERFOXINSURANCE -WARN - Fetching No of Details from Banner
2024-01-11 17:29:31,459 - COVERFOXINSURANCE -FATAL - Tc is Passed
2024-01-11 17:31:17,018 - COVERFOXINSURANCE -INFO - Launching coverfox
2024-01-11 17:31:22,728 - COVERFOXINSURANCE -INFO - click on started Button
2024-01-11 17:31:24,148 - COVERFOXINSURANCE -INFO - ckick in next button
2024-01-11 17:31:25,215 - COVERFOXINSURANCE -INFO - handling age dropdown
2024-01-11 17:31:27,353 - COVERFOXINSURANCE -INFO - click on next buttton
2024-01-11 17:31:28,453 - COVERFOXINSURANCE -WARN - Entering pincode
2024-01-11 17:31:29,614 - COVERFOXINSURANCE -INFO - Entering mobile number
2024-01-11 17:31:30,777 - COVERFOXINSURANCE -INFO - click on ncontinue button
2024-01-11 17:31:36,901 - COVERFOXINSURANCE -ERROR - Fetching No of Details from Text
2024-01-11 17:31:36,968 - COVERFOXINSURANCE -WARN - Fetching No of Details from Banner
2024-01-11 17:31:36,988 - COVERFOXINSURANCE -FATAL - Tc is Passed
2024-01-11 17:39:13,567 - COVERFOXINSURANCE -FATAL - 
2024-01-11 17:39:13,571 - COVERFOXINSURANCE -INFO - Launching coverfox
2024-01-11 17:39:20,391 - COVERFOXINSURANCE -INFO - click on started Button
2024-01-11 17:39:21,831 - COVERFOXINSURANCE -INFO - ckick in next button
2024-01-11 17:39:22,900 - COVERFOXINSURANCE -INFO - handling age dropdown
2024-01-11 17:39:24,880 - COVERFOXINSURANCE -INFO - click on next buttton
2024-01-11 17:39:25,949 - COVERFOXINSURANCE -WARN - Entering pincode
2024-01-11 17:39:27,217 - COVERFOXINSURANCE -INFO - Entering mobile number
2024-01-11 17:39:28,401 - COVERFOXINSURANCE -INFO - click on ncontinue button
2024-01-11 17:39:34,485 - COVERFOXINSURANCE -ERROR - Fetching No of Details from Text
2024-01-11 17:39:34,517 - COVERFOXINSURANCE -WARN - Fetching No of Details from Banner
2024-01-11 17:39:34,535 - COVERFOXINSURANCE -FATAL - Tc is Passed
2024-01-16 20:33:31,133 - COVERFOXINSURANCE -FATAL - 
2024-01-16 20:33:31,139 - COVERFOXINSURANCE -INFO - Launching coverfox
2024-01-16 20:33:44,399 - COVERFOXINSURANCE -INFO - click on started Button
2024-01-16 20:33:46,065 - COVERFOXINSURANCE -INFO - ckick in next button
2024-01-16 20:33:47,258 - COVERFOXINSURANCE -INFO - handling age dropdown
2024-01-16 20:33:50,085 - COVERFOXINSURANCE -INFO - click on next buttton
2024-01-16 20:33:51,146 - COVERFOXINSURANCE -WARN - Entering pincode
2024-01-16 20:33:52,391 - COVERFOXINSURANCE -INFO - Entering mobile number
2024-01-16 20:33:53,642 - COVERFOXINSURANCE -INFO - click on ncontinue button
2024-01-16 20:33:59,925 - COVERFOXINSURANCE -ERROR - Fetching No of Details from Text
2024-01-16 20:34:00,040 - COVERFOXINSURANCE -WARN - Fetching No of Details from Banner
2024-01-16 20:34:00,088 - COVERFOXINSURANCE -FATAL - Tc is Passed
2024-01-16 20:49:27,459 - COVERFOXINSURANCE -FATAL - 
2024-01-16 20:49:27,467 - COVERFOXINSURANCE -INFO - Launching coverfox
2024-01-16 20:49:34,402 - COVERFOXINSURANCE -INFO - click on started Button
2024-01-16 20:49:36,199 - COVERFOXINSURANCE -INFO - ckick in next button
2024-01-16 20:49:37,365 - COVERFOXINSURANCE -INFO - handling age dropdown
2024-01-16 20:49:39,952 - COVERFOXINSURANCE -INFO - click on next buttton
2024-01-16 20:49:41,118 - COVERFOXINSURANCE -WARN - Entering pincode
2024-01-16 20:49:42,381 - COVERFOXINSURANCE -INFO - Entering mobile number
2024-01-16 20:49:43,671 - COVERFOXINSURANCE -INFO - click on ncontinue button
2024-01-16 20:49:49,880 - COVERFOXINSURANCE -ERROR - Fetching No of Details from Text
2024-01-16 20:49:49,974 - COVERFOXINSURANCE -WARN - Fetching No of Details from Banner
2024-01-16 20:49:50,036 - COVERFOXINSURANCE -FATAL - Tc is Passed
